<?xml version="1.0" encoding="UTF-8"?>
<!--

    Sonar Delphi Plugin
    Copyright (C) 2011 Sabre Airline Solutions and Fabricio Colombo
    Author(s):
    Przemyslaw Kociolek (przemyslaw.kociolek@sabre.com)
    Michal Wojcik (michal.wojcik@sabre.com)
    Fabricio Colombo (fabricio.colombo.mva@gmail.com)

    This program is free software; you can redistribute it and/or
    modify it under the terms of the GNU Lesser General Public
    License as published by the Free Software Foundation; either
    version 3 of the License, or (at your option) any later version.

    This program is distributed in the hope that it will be useful,
    but WITHOUT ANY WARRANTY; without even the implied warranty of
    MERCHANTABILITY or FITNESS FOR A PARTICULAR PURPOSE.  See the GNU
    Lesser General Public License for more details.

    You should have received a copy of the GNU Lesser General Public
    License along with this program; if not, write to the Free Software
    Foundation, Inc., 51 Franklin Street, Fifth Floor, Boston, MA  02

-->

<!--

    Sonar MSBuild Plugin, open source software quality management tool.
    Author(s) : Jorge Costa @ jmecsoftware.com

    Sonar MSBuild Plugin is free software; you can redistribute it and/or
    modify it under the terms of the GNU Lesser General Public
    License as published by the Free Software Foundation; either
    version 3 of the License, or (at your option) any later version.

    Sonar MSBuild Plugin is distributed in the hope that it will be useful,
    but WITHOUT ANY WARRANTY; without even the implied warranty of
    MERCHANTABILITY or FITNESS FOR A PARTICULAR PURPOSE.  See the GNU
    Lesser General Public License for more details.

-->

<testsuites name="myTestSuites" total="3" date="2011-01-01" time="00:00:30">

    <testsuite name="TEST_SUITE_1" success="True" time="0.025">
        <testcase name="FunctionTest" classname="MyTest1"
                  success="True"
                  time="0.020"
                  executed="True"/>
        <testcase name="ProcedureTest" classname="MyTest1"
                  success="True"
                  time="0.05"
                  executed="True"/>
    </testsuite>

    <testsuite name="TEST_SUITE_2" success="True" time="0.005">
        <testcase name="FunctionTest2" classname="MyTest2"
                  success="True"
                  time="0.001"
                  executed="True"/>
        <testcase name="ProcedureTest2" classname="MyTest2"
                  success="True"
                  time="0.004"
                  executed="True"/>
    </testsuite>

</testsuites>